# JRE version: Java(TM) SE Runtime Environment (7.0_51-b13) (build 1.7.0_51-b13)
# Java VM: Java HotSpot(TM) 64-Bit Server VM (24.51-b03 mixed mode linux-amd64 compressed oops)
Heap
 PSYoungGen      total 69120K, used 5612K [0x00000000eb800000, 0x00000000f0100000, 0x0000000100000000)
  eden space 63488K, 0% used [0x00000000eb800000,0x00000000eb800000,0x00000000ef600000)
  from space 5632K, 99% used [0x00000000ef600000,0x00000000efb7b240,0x00000000efb80000)
  to   space 5632K, 0% used [0x00000000efb80000,0x00000000efb80000,0x00000000f0100000)
 ParOldGen       total 41984K, used 8752K [0x00000000c2800000, 0x00000000c5100000, 0x00000000eb800000)
  object space 41984K, 20% used [0x00000000c2800000,0x00000000c308c398,0x00000000c5100000)
 PSPermGen       total 21504K, used 15309K [0x00000000bd600000, 0x00000000beb00000, 0x00000000c2800000)
  object space 21504K, 71% used [0x00000000bd600000,0x00000000be4f3480,0x00000000beb00000)
GC Heap History (10 events):
Event: 2,957 GC heap after
Heap after GC invocations=2 (full 0):
 PSYoungGen      total 18432K, used 2557K [0x00000000eb800000, 0x00000000ecc80000, 0x0000000100000000)
  eden space 15872K, 0% used [0x00000000eb800000,0x00000000eb800000,0x00000000ec780000)
  from space 2560K, 99% used [0x00000000eca00000,0x00000000ecc7f760,0x00000000ecc80000)
  to   space 2560K, 0% used [0x00000000ec780000,0x00000000ec780000,0x00000000eca00000)
 ParOldGen       total 41984K, used 771K [0x00000000c2800000, 0x00000000c5100000, 0x00000000eb800000)
  object space 41984K, 1% used [0x00000000c2800000,0x00000000c28c0e30,0x00000000c5100000)
 PSPermGen       total 21504K, used 7522K [0x00000000bd600000, 0x00000000beb00000, 0x00000000c2800000)
  object space 21504K, 34% used [0x00000000bd600000,0x00000000bdd588a0,0x00000000beb00000)
}
Event: 3,639 GC heap before
{Heap before GC invocations=3 (full 0):
 PSYoungGen      total 18432K, used 18429K [0x00000000eb800000, 0x00000000ecc80000, 0x0000000100000000)
  eden space 15872K, 100% used [0x00000000eb800000,0x00000000ec780000,0x00000000ec780000)
  from space 2560K, 99% used [0x00000000eca00000,0x00000000ecc7f760,0x00000000ecc80000)
  to   space 2560K, 0% used [0x00000000ec780000,0x00000000ec780000,0x00000000eca00000)
 ParOldGen       total 41984K, used 771K [0x00000000c2800000, 0x00000000c5100000, 0x00000000eb800000)
  object space 41984K, 1% used [0x00000000c2800000,0x00000000c28c0e30,0x00000000c5100000)
 PSPermGen       total 21504K, used 9520K [0x00000000bd600000, 0x00000000beb00000, 0x00000000c2800000)
  object space 21504K, 44% used [0x00000000bd600000,0x00000000bdf4c3a0,0x00000000beb00000)
Event: 3,649 GC heap after
Heap after GC invocations=3 (full 0):
 PSYoungGen      total 18432K, used 2546K [0x00000000eb800000, 0x00000000edc00000, 0x0000000100000000)
  eden space 15872K, 0% used [0x00000000eb800000,0x00000000eb800000,0x00000000ec780000)
  from space 2560K, 99% used [0x00000000ec780000,0x00000000ec9fc838,0x00000000eca00000)
  to   space 2560K, 0% used [0x00000000ed980000,0x00000000ed980000,0x00000000edc00000)
 ParOldGen       total 41984K, used 2108K [0x00000000c2800000, 0x00000000c5100000, 0x00000000eb800000)
  object space 41984K, 5% used [0x00000000c2800000,0x00000000c2a0f2e0,0x00000000c5100000)
 PSPermGen       total 21504K, used 9520K [0x00000000bd600000, 0x00000000beb00000, 0x00000000c2800000)
  object space 21504K, 44% used [0x00000000bd600000,0x00000000bdf4c3a0,0x00000000beb00000)
}
Event: 4,879 GC heap before
{Heap before GC invocations=4 (full 0):
 PSYoungGen      total 18432K, used 18418K [0x00000000eb800000, 0x00000000edc00000, 0x0000000100000000)
  eden space 15872K, 100% used [0x00000000eb800000,0x00000000ec780000,0x00000000ec780000)
  from space 2560K, 99% used [0x00000000ec780000,0x00000000ec9fc838,0x00000000eca00000)
  to   space 2560K, 0% used [0x00000000ed980000,0x00000000ed980000,0x00000000edc00000)
 ParOldGen       total 41984K, used 2108K [0x00000000c2800000, 0x00000000c5100000, 0x00000000eb800000)
  object space 41984K, 5% used [0x00000000c2800000,0x00000000c2a0f2e0,0x00000000c5100000)
 PSPermGen       total 21504K, used 11945K [0x00000000bd600000, 0x00000000beb00000, 0x00000000c2800000)
  object space 21504K, 55% used [0x00000000bd600000,0x00000000be1aa798,0x00000000beb00000)
Event: 4,894 GC heap after
Heap after GC invocations=4 (full 0):
 PSYoungGen      total 34304K, used 2560K [0x00000000eb800000, 0x00000000edc00000, 0x0000000100000000)
  eden space 31744K, 0% used [0x00000000eb800000,0x00000000eb800000,0x00000000ed700000)
  from space 2560K, 100% used [0x00000000ed980000,0x00000000edc00000,0x00000000edc00000)
  to   space 2560K, 0% used [0x00000000ed700000,0x00000000ed700000,0x00000000ed980000)
 ParOldGen       total 41984K, used 4192K [0x00000000c2800000, 0x00000000c5100000, 0x00000000eb800000)
  object space 41984K, 9% used [0x00000000c2800000,0x00000000c2c18040,0x00000000c5100000)
 PSPermGen       total 21504K, used 11945K [0x00000000bd600000, 0x00000000beb00000, 0x00000000c2800000)
  object space 21504K, 55% used [0x00000000bd600000,0x00000000be1aa798,0x00000000beb00000)
}
Event: 6,259 GC heap before
{Heap before GC invocations=5 (full 0):
 PSYoungGen      total 34304K, used 34304K [0x00000000eb800000, 0x00000000edc00000, 0x0000000100000000)
  eden space 31744K, 100% used [0x00000000eb800000,0x00000000ed700000,0x00000000ed700000)
  from space 2560K, 100% used [0x00000000ed980000,0x00000000edc00000,0x00000000edc00000)
  to   space 2560K, 0% used [0x00000000ed700000,0x00000000ed700000,0x00000000ed980000)
 ParOldGen       total 41984K, used 4192K [0x00000000c2800000, 0x00000000c5100000, 0x00000000eb800000)
  object space 41984K, 9% used [0x00000000c2800000,0x00000000c2c18040,0x00000000c5100000)
 PSPermGen       total 21504K, used 12143K [0x00000000bd600000, 0x00000000beb00000, 0x00000000c2800000)
  object space 21504K, 56% used [0x00000000bd600000,0x00000000be1dbec8,0x00000000beb00000)
Event: 6,293 GC heap after
Heap after GC invocations=5 (full 0):
 PSYoungGen      total 34304K, used 2560K [0x00000000eb800000, 0x00000000f0100000, 0x0000000100000000)
  eden space 31744K, 0% used [0x00000000eb800000,0x00000000eb800000,0x00000000ed700000)
  from space 2560K, 100% used [0x00000000ed700000,0x00000000ed980000,0x00000000ed980000)
  to   space 5632K, 0% used [0x00000000efb80000,0x00000000efb80000,0x00000000f0100000)
 ParOldGen       total 41984K, used 6076K [0x00000000c2800000, 0x00000000c5100000, 0x00000000eb800000)
  object space 41984K, 14% used [0x00000000c2800000,0x00000000c2def1a8,0x00000000c5100000)
 PSPermGen       total 21504K, used 12143K [0x00000000bd600000, 0x00000000beb00000, 0x00000000c2800000)
  object space 21504K, 56% used [0x00000000bd600000,0x00000000be1dbec8,0x00000000beb00000)
}
Event: 7,843 GC heap before
{Heap before GC invocations=6 (full 0):
 PSYoungGen      total 34304K, used 34304K [0x00000000eb800000, 0x00000000f0100000, 0x0000000100000000)
  eden space 31744K, 100% used [0x00000000eb800000,0x00000000ed700000,0x00000000ed700000)
  from space 2560K, 100% used [0x00000000ed700000,0x00000000ed980000,0x00000000ed980000)
  to   space 5632K, 0% used [0x00000000efb80000,0x00000000efb80000,0x00000000f0100000)
 ParOldGen       total 41984K, used 6076K [0x00000000c2800000, 0x00000000c5100000, 0x00000000eb800000)
  object space 41984K, 14% used [0x00000000c2800000,0x00000000c2def1a8,0x00000000c5100000)
 PSPermGen       total 21504K, used 12814K [0x00000000bd600000, 0x00000000beb00000, 0x00000000c2800000)
  object space 21504K, 59% used [0x00000000bd600000,0x00000000be283848,0x00000000beb00000)
Event: 7,858 GC heap after
Heap after GC invocations=6 (full 0):
 PSYoungGen      total 69120K, used 4605K [0x00000000eb800000, 0x00000000f0100000, 0x0000000100000000)
  eden space 63488K, 0% used [0x00000000eb800000,0x00000000eb800000,0x00000000ef600000)
  from space 5632K, 81% used [0x00000000efb80000,0x00000000effff408,0x00000000f0100000)
  to   space 5632K, 0% used [0x00000000ef600000,0x00000000ef600000,0x00000000efb80000)
 ParOldGen       total 41984K, used 6076K [0x00000000c2800000, 0x00000000c5100000, 0x00000000eb800000)
  object space 41984K, 14% used [0x00000000c2800000,0x00000000c2def1a8,0x00000000c5100000)
 PSPermGen       total 21504K, used 12814K [0x00000000bd600000, 0x00000000beb00000, 0x00000000c2800000)
  object space 21504K, 59% used [0x00000000bd600000,0x00000000be283848,0x00000000beb00000)
}
Event: 9,887 GC heap before
{Heap before GC invocations=7 (full 0):
 PSYoungGen      total 69120K, used 68093K [0x00000000eb800000, 0x00000000f0100000, 0x0000000100000000)
  eden space 63488K, 100% used [0x00000000eb800000,0x00000000ef600000,0x00000000ef600000)
  from space 5632K, 81% used [0x00000000efb80000,0x00000000effff408,0x00000000f0100000)
  to   space 5632K, 0% used [0x00000000ef600000,0x00000000ef600000,0x00000000efb80000)
 ParOldGen       total 41984K, used 6076K [0x00000000c2800000, 0x00000000c5100000, 0x00000000eb800000)
  object space 41984K, 14% used [0x00000000c2800000,0x00000000c2def1a8,0x00000000c5100000)
 PSPermGen       total 21504K, used 15309K [0x00000000bd600000, 0x00000000beb00000, 0x00000000c2800000)
  object space 21504K, 71% used [0x00000000bd600000,0x00000000be4f3480,0x00000000beb00000)

